<?xml version="1.0" encoding="UTF-8" ?>
<testsuite tests="12" failures="0" name="demo.junit_class_demo.math.MyAdvancedMathTest_PowerOfTwo_ParameterizedTest" time="0.005" errors="0" skipped="0">
  <properties>
[...]
</properties>
  <testcase classname="demo.junit_class_demo.math.MyAdvancedMathTest_PowerOfTwo_ParameterizedTest" name="testAdd[0]" time="0.004"/>
  <testcase classname="demo.junit_class_demo.math.MyAdvancedMathTest_PowerOfTwo_ParameterizedTest" name="testAddNegatif[0]" time="0"/>
  <testcase classname="demo.junit_class_demo.math.MyAdvancedMathTest_PowerOfTwo_ParameterizedTest" name="testPower[0]" time="0"/>
  <testcase classname="demo.junit_class_demo.math.MyAdvancedMathTest_PowerOfTwo_ParameterizedTest" name="testPowerOfTwoWithNormalCases[0]" time="0"/>
  <testcase classname="demo.junit_class_demo.math.MyAdvancedMathTest_PowerOfTwo_ParameterizedTest" name="testAdd[1]" time="0"/>
  <testcase classname="demo.junit_class_demo.math.MyAdvancedMathTest_PowerOfTwo_ParameterizedTest" name="testAddNegatif[1]" time="0"/>
  <testcase classname="demo.junit_class_demo.math.MyAdvancedMathTest_PowerOfTwo_ParameterizedTest" name="testPower[1]" time="0"/>
  <testcase classname="demo.junit_class_demo.math.MyAdvancedMathTest_PowerOfTwo_ParameterizedTest" name="testPowerOfTwoWithNormalCases[1]" time="0"/>
  <testcase classname="demo.junit_class_demo.math.MyAdvancedMathTest_PowerOfTwo_ParameterizedTest" name="testAdd[2]" time="0.001"/>
  <testcase classname="demo.junit_class_demo.math.MyAdvancedMathTest_PowerOfTwo_ParameterizedTest" name="testAddNegatif[2]" time="0"/>
  <testcase classname="demo.junit_class_demo.math.MyAdvancedMathTest_PowerOfTwo_ParameterizedTest" name="testPower[2]" time="0"/>
  <testcase classname="demo.junit_class_demo.math.MyAdvancedMathTest_PowerOfTwo_ParameterizedTest" name="testPowerOfTwoWithNormalCases[2]" time="0"/>
</testsuite>